Using pre-set license
Built from '2020.3/staging' branch; Version is '2020.3.22f1 (e1a7f79fd887) revision 14788599'; Using compiler version '192528614'; Build Type 'Release'
OS: 'Windows 10 Home Single Language; OS build 19043.1348; Version 2009; 64bit' Language: 'en' Physical Memory: 32620 MB
BatchMode: 1, IsHumanControllingUs: 0, StartBugReporterOnCrash: 0, Is64bit: 1, IsPro: 0

COMMAND LINE ARGUMENTS:
C:\Program Files\Unity\Hub\Editor\2020.3.22f1\Editor\Unity.exe
-adb2
-batchMode
-noUpm
-name
AssetImportWorker0
-projectPath
C:/Devraj/Projects/Unity Projects/WEBGL/CarController-WebAR-UnityProject-main
-logFile
Logs/AssetImportWorker0.log
-srvPort
52494
Successfully changed project path to: C:/Devraj/Projects/Unity Projects/WEBGL/CarController-WebAR-UnityProject-main
C:/Devraj/Projects/Unity Projects/WEBGL/CarController-WebAR-UnityProject-main
Using Asset Import Pipeline V2.
Refreshing native plugins compatible for Editor in 44.16 ms, found 2 plugins.
Preloading 0 native plugins for Editor in 0.00 ms.
Initialize engine version: 2020.3.22f1 (e1a7f79fd887)
[Subsystems] Discovering subsystems at path C:/Program Files/Unity/Hub/Editor/2020.3.22f1/Editor/Data/Resources/UnitySubsystems
[Subsystems] Discovering subsystems at path C:/Devraj/Projects/Unity Projects/WEBGL/CarController-WebAR-UnityProject-main/Assets
GfxDevice: creating device client; threaded=0
Direct3D:
    Version:  Direct3D 11.0 [level 11.1]
    Renderer: NVIDIA GeForce RTX 3080 Laptop GPU (ID=0x24dc)
    Vendor:   
    VRAM:     16201 MB
    Driver:   30.0.14.9649
Initialize mono
Mono path[0] = 'C:/Program Files/Unity/Hub/Editor/2020.3.22f1/Editor/Data/Managed'
Mono path[1] = 'C:/Program Files/Unity/Hub/Editor/2020.3.22f1/Editor/Data/MonoBleedingEdge/lib/mono/unityjit'
Mono config path = 'C:/Program Files/Unity/Hub/Editor/2020.3.22f1/Editor/Data/MonoBleedingEdge/etc'
Using monoOptions --debugger-agent=transport=dt_socket,embedding=1,server=y,suspend=n,address=127.0.0.1:56544
Begin MonoManager ReloadAssembly
Registering precompiled unity dll's ...
Register platform support module: C:/Program Files/Unity/Hub/Editor/2020.3.22f1/Editor/Data/PlaybackEngines/WebGLSupport/UnityEditor.WebGL.Extensions.dll
Register platform support module: C:/Program Files/Unity/Hub/Editor/2020.3.22f1/Editor/Data/PlaybackEngines/WindowsStandaloneSupport/UnityEditor.WindowsStandalone.Extensions.dll
Registered in 0.002936 seconds.
Native extension for WindowsStandalone target not found
Native extension for WebGL target not found
Refreshing native plugins compatible for Editor in 35.77 ms, found 2 plugins.
Preloading 0 native plugins for Editor in 0.00 ms.
Mono: successfully reloaded assembly
- Completed reload, in  1.271 seconds
Domain Reload Profiling:
	ReloadAssembly (1271ms)
		BeginReloadAssembly (69ms)
			ExecutionOrderSort (0ms)
			DisableScriptedObjects (0ms)
			BackupInstance (0ms)
			ReleaseScriptingObjects (0ms)
			CreateAndSetChildDomain (1ms)
		EndReloadAssembly (468ms)
			LoadAssemblies (66ms)
			RebuildTransferFunctionScriptingTraits (0ms)
			SetupTypeCache (155ms)
			ReleaseScriptCaches (0ms)
			RebuildScriptCaches (29ms)
			SetupLoadedEditorAssemblies (170ms)
				LogAssemblyErrors (0ms)
				InitializePlatformSupportModulesInManaged (6ms)
				SetLoadedEditorAssemblies (0ms)
				RefreshPlugins (36ms)
				BeforeProcessingInitializeOnLoad (9ms)
				ProcessInitializeOnLoadAttributes (90ms)
				ProcessInitializeOnLoadMethodAttributes (29ms)
				AfterProcessingInitializeOnLoad (0ms)
				EditorAssembliesLoaded (0ms)
			ExecutionOrderSort2 (0ms)
			AwakeInstancesAfterBackupRestoration (0ms)
Platform modules already initialized, skipping
Registering precompiled user dll's ...
Registered in 0.005920 seconds.
Begin MonoManager ReloadAssembly
Native extension for WindowsStandalone target not found
Native extension for WebGL target not found
Refreshing native plugins compatible for Editor in 0.44 ms, found 2 plugins.
Preloading 0 native plugins for Editor in 0.00 ms.
Mono: successfully reloaded assembly
- Completed reload, in  1.103 seconds
Domain Reload Profiling:
	ReloadAssembly (1104ms)
		BeginReloadAssembly (150ms)
			ExecutionOrderSort (0ms)
			DisableScriptedObjects (5ms)
			BackupInstance (0ms)
			ReleaseScriptingObjects (0ms)
			CreateAndSetChildDomain (20ms)
		EndReloadAssembly (884ms)
			LoadAssemblies (112ms)
			RebuildTransferFunctionScriptingTraits (0ms)
			SetupTypeCache (288ms)
			ReleaseScriptCaches (1ms)
			RebuildScriptCaches (41ms)
			SetupLoadedEditorAssemblies (353ms)
				LogAssemblyErrors (0ms)
				InitializePlatformSupportModulesInManaged (7ms)
				SetLoadedEditorAssemblies (0ms)
				RefreshPlugins (1ms)
				BeforeProcessingInitializeOnLoad (71ms)
				ProcessInitializeOnLoadAttributes (256ms)
				ProcessInitializeOnLoadMethodAttributes (9ms)
				AfterProcessingInitializeOnLoad (8ms)
				EditorAssembliesLoaded (0ms)
			ExecutionOrderSort2 (0ms)
			AwakeInstancesAfterBackupRestoration (6ms)
Platform modules already initialized, skipping
========================================================================
Worker process is ready to serve import requests
Launched and connected shader compiler UnityShaderCompiler.exe after 0.07 seconds
Refreshing native plugins compatible for Editor in 1.27 ms, found 2 plugins.
Preloading 0 native plugins for Editor in 0.00 ms.
Unloading 1598 Unused Serialized files (Serialized files now loaded: 0)
System memory in use before: 72.5 MB.
System memory in use after: 72.6 MB.

Unloading 20 unused Assets to reduce memory usage. Loaded Objects now: 2032.
Total: 4.486000 ms (FindLiveObjects: 0.225900 ms CreateObjectMapping: 0.093500 ms MarkObjects: 4.074200 ms  DeleteObjects: 0.090600 ms)

AssetImportParameters requested are different than current active one (requested -> active):
  custom:framework-win-MediaFoundation: 216162199b28c13a410421893ffa2e32 -> 
  custom:video-decoder-ogg-theora: a1e56fd34408186e4bbccfd4996cb3dc -> 
  custom:container-muxer-webm: aa71ff27fc2769a1b78a27578f13a17b -> 
  custom:container-demuxer-webm: 4f35f7cbe854078d1ac9338744f61a02 -> 
  custom:container-demuxer-ogg: 62fdf1f143b41e24485cea50d1cbac27 -> 
  custom:video-encoder-webm-vp8: eb34c28f22e8b96e1ab97ce403110664 -> 
  custom:video-codec-MediaFoundation-h265: 746d11721c4dcdbdad8f713fa42b33f4 -> 
  custom:video-decoder-webm-vp8: 9c59270c3fd7afecdb556c50c9e8de78 -> 
  custom:audio-decoder-ogg-vorbis: bf7c407c2cedff20999df2af8eb42d56 -> 
  custom:audio-encoder-webm-vorbis: bf7c407c2cedff20999df2af8eb42d56 -> 
========================================================================
Received Import Request.
  path: Assets/Materials/AIRLogo_WhiteLogo.png
  artifactKey: Guid(b024b6861cc664c4fa2914932d387562) Importer(815301076,1909f56bfc062723c751e8b465ee728b)
Start importing Assets/Materials/AIRLogo_WhiteLogo.png using Guid(b024b6861cc664c4fa2914932d387562) Importer(815301076,1909f56bfc062723c751e8b465ee728b)  -> (artifact id: '578d010a673c086214c044c0a006f7d4') in 0.112086 seconds 
  Import took 0.115309 seconds .

========================================================================
Received Import Request.
  Time since last request: 0.000218 seconds.
  path: Assets/Samples/Desert/Textures/cube-sea.png
  artifactKey: Guid(eebf2a1765dea45e09d299edf6e986a3) Importer(815301076,1909f56bfc062723c751e8b465ee728b)
Start importing Assets/Samples/Desert/Textures/cube-sea.png using Guid(eebf2a1765dea45e09d299edf6e986a3) Importer(815301076,1909f56bfc062723c751e8b465ee728b)  -> (artifact id: '14403108b393a45dac8c2a8dfaa39d73') in 0.010020 seconds 
  Import took 0.012560 seconds .

========================================================================
Received Import Request.
  Time since last request: 0.000233 seconds.
  path: Assets/Joystick Pack/Sprites/All Axis Backgrounds/AllAxis_Outline.png
  artifactKey: Guid(5b56d9fa0e8bd6e409ed188db38a692c) Importer(815301076,1909f56bfc062723c751e8b465ee728b)
Start importing Assets/Joystick Pack/Sprites/All Axis Backgrounds/AllAxis_Outline.png using Guid(5b56d9fa0e8bd6e409ed188db38a692c) Importer(815301076,1909f56bfc062723c751e8b465ee728b)  -> (artifact id: 'ecbb8d0cd7ce2140d6c440b55696c0e0') in 0.013808 seconds 
  Import took 0.016563 seconds .

========================================================================
Received Import Request.
  Time since last request: 0.000284 seconds.
  path: Assets/Joystick Pack/Sprites/All Axis Backgrounds/AllAxis_Plain.png
  artifactKey: Guid(84487d73ca4b791498332d8f6858417f) Importer(815301076,1909f56bfc062723c751e8b465ee728b)
Start importing Assets/Joystick Pack/Sprites/All Axis Backgrounds/AllAxis_Plain.png using Guid(84487d73ca4b791498332d8f6858417f) Importer(815301076,1909f56bfc062723c751e8b465ee728b)  -> (artifact id: '576d0f0d1d8f8da5b1e8dde4085cbc55') in 0.012442 seconds 
  Import took 0.015227 seconds .

========================================================================
Received Import Request.
  Time since last request: 0.000260 seconds.
  path: Assets/Joystick Pack/Sprites/All Axis Backgrounds/AllAxis_Plain_Arrows.png
  artifactKey: Guid(2a1f3cba20f3e11498474a705db12fde) Importer(815301076,1909f56bfc062723c751e8b465ee728b)
Start importing Assets/Joystick Pack/Sprites/All Axis Backgrounds/AllAxis_Plain_Arrows.png using Guid(2a1f3cba20f3e11498474a705db12fde) Importer(815301076,1909f56bfc062723c751e8b465ee728b)  -> (artifact id: 'fe2d9b95a6049880a8eed4c91033aefa') in 0.012911 seconds 
  Import took 0.015517 seconds .

========================================================================
Received Import Request.
  Time since last request: 0.000212 seconds.
  path: Assets/Joystick Pack/Sprites/All Axis Backgrounds/AllAxis_Ridged.png
  artifactKey: Guid(54628aafa20f64b40ae661038ee7abf0) Importer(815301076,1909f56bfc062723c751e8b465ee728b)
Start importing Assets/Joystick Pack/Sprites/All Axis Backgrounds/AllAxis_Ridged.png using Guid(54628aafa20f64b40ae661038ee7abf0) Importer(815301076,1909f56bfc062723c751e8b465ee728b)  -> (artifact id: '915debb56317e34e48b255f05e199ef8') in 0.016140 seconds 
  Import took 0.018765 seconds .

========================================================================
Received Import Request.
  Time since last request: 0.000243 seconds.
  path: Assets/Joystick Pack/Sprites/All Axis Backgrounds/AllAxis_Outline_Arrows.png
  artifactKey: Guid(48c0d4d6bebaa934384b07aa1e2f8184) Importer(815301076,1909f56bfc062723c751e8b465ee728b)
Start importing Assets/Joystick Pack/Sprites/All Axis Backgrounds/AllAxis_Outline_Arrows.png using Guid(48c0d4d6bebaa934384b07aa1e2f8184) Importer(815301076,1909f56bfc062723c751e8b465ee728b)  -> (artifact id: '656a26b76574338578f664df9a0668fb') in 0.017967 seconds 
  Import took 0.020711 seconds .

========================================================================
Received Import Request.
  Time since last request: 0.000200 seconds.
  path: Assets/Joystick Pack/Sprites/All Axis Backgrounds/AllAxis_Ridged_Arrows.png
  artifactKey: Guid(4cbc879550e5e374a925e2e0a84d6f3c) Importer(815301076,1909f56bfc062723c751e8b465ee728b)
Start importing Assets/Joystick Pack/Sprites/All Axis Backgrounds/AllAxis_Ridged_Arrows.png using Guid(4cbc879550e5e374a925e2e0a84d6f3c) Importer(815301076,1909f56bfc062723c751e8b465ee728b)  -> (artifact id: 'a86969a57342abae86c9e555d269f750') in 0.011508 seconds 
  Import took 0.014001 seconds .

========================================================================
Received Import Request.
  Time since last request: 0.179144 seconds.
  path: Assets/Samples/Desert/Textures/ground.png
  artifactKey: Guid(65a768254b6504ad5995f8871fe1368b) Importer(815301076,1909f56bfc062723c751e8b465ee728b)
Start importing Assets/Samples/Desert/Textures/ground.png using Guid(65a768254b6504ad5995f8871fe1368b) Importer(815301076,1909f56bfc062723c751e8b465ee728b)  -> (artifact id: 'd74baa13e286ac904bee3285d3930635') in 0.011286 seconds 
  Import took 0.014290 seconds .

========================================================================
Received Import Request.
  Time since last request: 0.000213 seconds.
  path: Assets/Samples/Desert/Textures/groundnormal.png
  artifactKey: Guid(8e6d5fda6b3ff4954b08340553077259) Importer(815301076,1909f56bfc062723c751e8b465ee728b)
Start importing Assets/Samples/Desert/Textures/groundnormal.png using Guid(8e6d5fda6b3ff4954b08340553077259) Importer(815301076,1909f56bfc062723c751e8b465ee728b)  -> (artifact id: 'b17ec30210077c7c413a179e23ebe286') in 0.016078 seconds 
  Import took 0.018747 seconds .

========================================================================
Received Import Request.
  Time since last request: 0.873631 seconds.
  path: Assets/Joystick Pack/Sprites/Handles/Handle_Outline.png
  artifactKey: Guid(085185b08a40a924985bc0e4176edea6) Importer(815301076,1909f56bfc062723c751e8b465ee728b)
Start importing Assets/Joystick Pack/Sprites/Handles/Handle_Outline.png using Guid(085185b08a40a924985bc0e4176edea6) Importer(815301076,1909f56bfc062723c751e8b465ee728b)  -> (artifact id: '5864f563417dccaba5ab93a7a353fe1a') in 0.011825 seconds 
  Import took 0.015174 seconds .

========================================================================
Received Import Request.
  Time since last request: 0.000271 seconds.
  path: Assets/Joystick Pack/Sprites/Handles/Handle_Outline_Arrows.png
  artifactKey: Guid(5eda94a9dcf71e445ad17e3c065d1460) Importer(815301076,1909f56bfc062723c751e8b465ee728b)
Start importing Assets/Joystick Pack/Sprites/Handles/Handle_Outline_Arrows.png using Guid(5eda94a9dcf71e445ad17e3c065d1460) Importer(815301076,1909f56bfc062723c751e8b465ee728b)  -> (artifact id: '4750c25fb68297cdd6dcf8d28b10027a') in 0.012603 seconds 
  Import took 0.016125 seconds .

========================================================================
Received Import Request.
  Time since last request: 0.019954 seconds.
  path: Assets/Joystick Pack/Sprites/Handles/Handle_Plain.png
  artifactKey: Guid(010a6e5305fa7004f89c5d317b7b47d4) Importer(815301076,1909f56bfc062723c751e8b465ee728b)
Start importing Assets/Joystick Pack/Sprites/Handles/Handle_Plain.png using Guid(010a6e5305fa7004f89c5d317b7b47d4) Importer(815301076,1909f56bfc062723c751e8b465ee728b)  -> (artifact id: '4ca2e0d888ae9f10ca3efedadc23b47a') in 0.014214 seconds 
  Import took 0.017274 seconds .

========================================================================
Received Import Request.
  Time since last request: 0.000211 seconds.
  path: Assets/Joystick Pack/Sprites/Handles/Handle_Ridged.png
  artifactKey: Guid(3a74f678ee8f3bd49aacf3de1ae4bcaa) Importer(815301076,1909f56bfc062723c751e8b465ee728b)
Start importing Assets/Joystick Pack/Sprites/Handles/Handle_Ridged.png using Guid(3a74f678ee8f3bd49aacf3de1ae4bcaa) Importer(815301076,1909f56bfc062723c751e8b465ee728b)  -> (artifact id: '3002218e6caf8c9a0a4c60a3608c2812') in 0.013056 seconds 
  Import took 0.015752 seconds .

========================================================================
Received Import Request.
  Time since last request: 0.000240 seconds.
  path: Assets/Joystick Pack/Sprites/Handles/Handle_Ridged_Arrows.png
  artifactKey: Guid(a6c56474666ce0647bdb766e9b4764b3) Importer(815301076,1909f56bfc062723c751e8b465ee728b)
Start importing Assets/Joystick Pack/Sprites/Handles/Handle_Ridged_Arrows.png using Guid(a6c56474666ce0647bdb766e9b4764b3) Importer(815301076,1909f56bfc062723c751e8b465ee728b)  -> (artifact id: '0b2fad02b36f813017f0f4707682bcf9') in 0.013148 seconds 
  Import took 0.016468 seconds .

========================================================================
Received Import Request.
  Time since last request: 0.000219 seconds.
  path: Assets/Joystick Pack/Sprites/Handles/Handle_Plain_Arrows.png
  artifactKey: Guid(f353d42d1db27ff42b78b28efd86b316) Importer(815301076,1909f56bfc062723c751e8b465ee728b)
Start importing Assets/Joystick Pack/Sprites/Handles/Handle_Plain_Arrows.png using Guid(f353d42d1db27ff42b78b28efd86b316) Importer(815301076,1909f56bfc062723c751e8b465ee728b)  -> (artifact id: 'af6c04b51ea6f67aea046a66c7410dd7') in 0.012874 seconds 
  Import took 0.015773 seconds .

========================================================================
Received Import Request.
  Time since last request: 0.235419 seconds.
  path: Assets/Textures/HologramLines_Cool.psd
  artifactKey: Guid(8acbd9ae255985c48807af29b29945f6) Importer(815301076,1909f56bfc062723c751e8b465ee728b)
Start importing Assets/Textures/HologramLines_Cool.psd using Guid(8acbd9ae255985c48807af29b29945f6) Importer(815301076,1909f56bfc062723c751e8b465ee728b)  -> (artifact id: 'aa3131ac668c5a3977d96b19b103234c') in 0.012861 seconds 
  Import took 0.016039 seconds .

========================================================================
Received Import Request.
  Time since last request: 0.000289 seconds.
  path: Assets/Joystick Pack/Sprites/Horizontal Backgrounds/Horizontal_Outline.png
  artifactKey: Guid(cd0a2c1b2c014ba4c80c1df786e150e9) Importer(815301076,1909f56bfc062723c751e8b465ee728b)
Start importing Assets/Joystick Pack/Sprites/Horizontal Backgrounds/Horizontal_Outline.png using Guid(cd0a2c1b2c014ba4c80c1df786e150e9) Importer(815301076,1909f56bfc062723c751e8b465ee728b)  -> (artifact id: 'a37b83a7278dd37b28a491248144cb96') in 0.012326 seconds 
  Import took 0.015135 seconds .

========================================================================
Received Import Request.
  Time since last request: 0.023282 seconds.
  path: Assets/Joystick Pack/Sprites/Horizontal Backgrounds/Horizontal_Outline_Arrows.png
  artifactKey: Guid(7927b9032dc11e841af3f9a1353d7ecd) Importer(815301076,1909f56bfc062723c751e8b465ee728b)
Start importing Assets/Joystick Pack/Sprites/Horizontal Backgrounds/Horizontal_Outline_Arrows.png using Guid(7927b9032dc11e841af3f9a1353d7ecd) Importer(815301076,1909f56bfc062723c751e8b465ee728b)  -> (artifact id: '9d801c0b1ccf45eec7bb614efe51f339') in 0.014896 seconds 
  Import took 0.017810 seconds .

========================================================================
Received Import Request.
  Time since last request: 0.000247 seconds.
  path: Assets/Joystick Pack/Sprites/Horizontal Backgrounds/Horizontal_Plain.png
  artifactKey: Guid(097782735540f2d4db5606eae04ae6a7) Importer(815301076,1909f56bfc062723c751e8b465ee728b)
Start importing Assets/Joystick Pack/Sprites/Horizontal Backgrounds/Horizontal_Plain.png using Guid(097782735540f2d4db5606eae04ae6a7) Importer(815301076,1909f56bfc062723c751e8b465ee728b)  -> (artifact id: 'ae9774984364a0c8c8d8fb878f7a8a68') in 0.015225 seconds 
  Import took 0.018159 seconds .

========================================================================
Received Import Request.
  Time since last request: 0.007893 seconds.
  path: Assets/Joystick Pack/Sprites/Horizontal Backgrounds/Horizontal_Plain_Arrows.png
  artifactKey: Guid(c8585b68a92b5d440992ddd7d1b1a3d6) Importer(815301076,1909f56bfc062723c751e8b465ee728b)
Start importing Assets/Joystick Pack/Sprites/Horizontal Backgrounds/Horizontal_Plain_Arrows.png using Guid(c8585b68a92b5d440992ddd7d1b1a3d6) Importer(815301076,1909f56bfc062723c751e8b465ee728b)  -> (artifact id: 'b761d77dcefecd2eb9e074728d84e10c') in 0.013736 seconds 
  Import took 0.017572 seconds .

========================================================================
Received Import Request.
  Time since last request: 0.000271 seconds.
  path: Assets/Joystick Pack/Sprites/Horizontal Backgrounds/Horizontal_Ridged.png
  artifactKey: Guid(6304ad603f150b649b764d29bbc2a87b) Importer(815301076,1909f56bfc062723c751e8b465ee728b)
Start importing Assets/Joystick Pack/Sprites/Horizontal Backgrounds/Horizontal_Ridged.png using Guid(6304ad603f150b649b764d29bbc2a87b) Importer(815301076,1909f56bfc062723c751e8b465ee728b)  -> (artifact id: '5c643135ab8c46ccc922614889a42606') in 0.015298 seconds 
  Import took 0.017843 seconds .

========================================================================
Received Import Request.
  Time since last request: 0.247755 seconds.
  path: Assets/Joystick Pack/Sprites/Horizontal Backgrounds/Horizontal_Ridged_Arrows.png
  artifactKey: Guid(b8467ea5fbaf9ba42908de6411bd443d) Importer(815301076,1909f56bfc062723c751e8b465ee728b)
Start importing Assets/Joystick Pack/Sprites/Horizontal Backgrounds/Horizontal_Ridged_Arrows.png using Guid(b8467ea5fbaf9ba42908de6411bd443d) Importer(815301076,1909f56bfc062723c751e8b465ee728b)  -> (artifact id: '20ca0261f53908c87fbb38e2270449b0') in 0.011675 seconds 
  Import took 0.014611 seconds .

========================================================================
Received Import Request.
  Time since last request: 0.000325 seconds.
  path: Assets/Materials/images.psd
  artifactKey: Guid(0653ecbbd7d2f4245a02860b240a6bfb) Importer(815301076,1909f56bfc062723c751e8b465ee728b)
Start importing Assets/Materials/images.psd using Guid(0653ecbbd7d2f4245a02860b240a6bfb) Importer(815301076,1909f56bfc062723c751e8b465ee728b)  -> (artifact id: 'b8a071b1713b750d4ddbddc33df047a6') in 0.012898 seconds 
  Import took 0.015923 seconds .

========================================================================
Received Import Request.
  Time since last request: 0.018767 seconds.
  path: Assets/Samples/Desert/Scenes/Desert/Lightmap-0_comp_light.exr
  artifactKey: Guid(46363fc54698208438dd9760783c638f) Importer(815301076,1909f56bfc062723c751e8b465ee728b)
Start importing Assets/Samples/Desert/Scenes/Desert/Lightmap-0_comp_light.exr using Guid(46363fc54698208438dd9760783c638f) Importer(815301076,1909f56bfc062723c751e8b465ee728b)  -> (artifact id: 'f5dc1ec72ad49eb0f6196658d1c0b254') in 0.060436 seconds 
  Import took 0.065024 seconds .

========================================================================
Received Import Request.
  Time since last request: 0.000218 seconds.
  path: Assets/Samples/Desert/Scenes/Desert/Lightmap-1_comp_light.exr
  artifactKey: Guid(e8745bf64996ca34c923c64cd55aa8d0) Importer(815301076,1909f56bfc062723c751e8b465ee728b)
Start importing Assets/Samples/Desert/Scenes/Desert/Lightmap-1_comp_light.exr using Guid(e8745bf64996ca34c923c64cd55aa8d0) Importer(815301076,1909f56bfc062723c751e8b465ee728b)  -> (artifact id: 'dfe0b70f0ac4da996dbc9fb8005b72d5') in 0.009414 seconds 
  Import took 0.011940 seconds .

========================================================================
Received Import Request.
  Time since last request: 8.703105 seconds.
  path: Assets/Textures
  artifactKey: Guid(415cd16e574cb3b44afe4c86b87df098) Importer(815301076,1909f56bfc062723c751e8b465ee728b)
Start importing Assets/Textures using Guid(415cd16e574cb3b44afe4c86b87df098) Importer(815301076,1909f56bfc062723c751e8b465ee728b)  -> (artifact id: '5f06678ee015a09bd68659e5066f7211') in 0.002548 seconds 
  Import took 0.004849 seconds .

========================================================================
Received Import Request.
  Time since last request: 6.477875 seconds.
  path: Assets/XR/XRGeneralSettings.asset
  artifactKey: Guid(af81c6fe1ed434b4cbef1417785d9d00) Importer(815301076,1909f56bfc062723c751e8b465ee728b)
Start importing Assets/XR/XRGeneralSettings.asset using Guid(af81c6fe1ed434b4cbef1417785d9d00) Importer(815301076,1909f56bfc062723c751e8b465ee728b)  -> (artifact id: '3986e26e684748d66cc6344e66e9c887') in 0.011581 seconds 
  Import took 0.014266 seconds .

========================================================================
Received Import Request.
  Time since last request: 1.465162 seconds.
  path: Assets/Materials/Black.mat
  artifactKey: Guid(ed385642c67d3594a9c55c4da447dd7d) Importer(815301076,1909f56bfc062723c751e8b465ee728b)
Start importing Assets/Materials/Black.mat using Guid(ed385642c67d3594a9c55c4da447dd7d) Importer(815301076,1909f56bfc062723c751e8b465ee728b)  -> (artifact id: 'e3f0c1f729dbd242efb696df190cba57') in 0.216756 seconds 
  Import took 0.219953 seconds .

========================================================================
Received Import Request.
  Time since last request: 0.000220 seconds.
  path: Assets/Materials/Trans_Material.mat
  artifactKey: Guid(a956169eb432f894c9eb2a12d29bc5d2) Importer(815301076,1909f56bfc062723c751e8b465ee728b)
Start importing Assets/Materials/Trans_Material.mat using Guid(a956169eb432f894c9eb2a12d29bc5d2) Importer(815301076,1909f56bfc062723c751e8b465ee728b)  -> (artifact id: '0f45d211f9adaff93077734295326f11') in 0.104288 seconds 
  Import took 0.107103 seconds .

========================================================================
Received Import Request.
  Time since last request: 0.000211 seconds.
  path: Assets/Materials/translucentPreview.mat
  artifactKey: Guid(62d7b83c9c0299747b25b48b9b49d228) Importer(815301076,1909f56bfc062723c751e8b465ee728b)
Start importing Assets/Materials/translucentPreview.mat using Guid(62d7b83c9c0299747b25b48b9b49d228) Importer(815301076,1909f56bfc062723c751e8b465ee728b)  -> (artifact id: 'c665a7c3c5127b0f169f932fdb9e4742') in 0.229110 seconds 
  Import took 0.231606 seconds .

========================================================================
Received Import Request.
  Time since last request: 28.375818 seconds.
  path: Assets/Materials/Logo2.png
  artifactKey: Guid(0f6022b4820fbdd4d9d4540a19c6f22d) Importer(815301076,1909f56bfc062723c751e8b465ee728b)
Start importing Assets/Materials/Logo2.png using Guid(0f6022b4820fbdd4d9d4540a19c6f22d) Importer(815301076,1909f56bfc062723c751e8b465ee728b)  -> (artifact id: '057925e240da559c33946ffe8794f889') in 0.008721 seconds 
  Import took 0.010973 seconds .

========================================================================
Received Import Request.
  Time since last request: 4.946810 seconds.
  path: Assets/Materials/MatteShadowCustModel.shader
  artifactKey: Guid(df9e2def4fcbe2845bf6d1bcdad4e38c) Importer(815301076,1909f56bfc062723c751e8b465ee728b)
Start importing Assets/Materials/MatteShadowCustModel.shader using Guid(df9e2def4fcbe2845bf6d1bcdad4e38c) Importer(815301076,1909f56bfc062723c751e8b465ee728b)  -> (artifact id: '2195c23690c4bbbfdddfbe0e2d029e6f') in 0.004948 seconds 
  Import took 0.007818 seconds .

========================================================================
Received Import Request.
  Time since last request: 3.972875 seconds.
  path: Assets/Materials/Logo2.png
  artifactKey: Guid(0f6022b4820fbdd4d9d4540a19c6f22d) Importer(815301076,1909f56bfc062723c751e8b465ee728b)
Start importing Assets/Materials/Logo2.png using Guid(0f6022b4820fbdd4d9d4540a19c6f22d) Importer(815301076,1909f56bfc062723c751e8b465ee728b)  -> (artifact id: '2b06fbf30f82d31fb43a2959872ebff1') in 0.012755 seconds 
  Import took 0.015630 seconds .

========================================================================
Received Import Request.
  Time since last request: 19.233050 seconds.
  path: Assets/Samples/Desert/Models/pipeorgancactus/PipeOrganCactus_BaseColor.png
  artifactKey: Guid(63be4fa0e42a445c9a40e52e86f08d4a) Importer(815301076,1909f56bfc062723c751e8b465ee728b)
Start importing Assets/Samples/Desert/Models/pipeorgancactus/PipeOrganCactus_BaseColor.png using Guid(63be4fa0e42a445c9a40e52e86f08d4a) Importer(815301076,1909f56bfc062723c751e8b465ee728b)  -> (artifact id: 'd95c057f06142bb1b9e27dfd336f6a50') in 0.008647 seconds 
  Import took 0.011612 seconds .

========================================================================
Received Import Request.
  Time since last request: 0.278470 seconds.
  path: Assets/Samples/Desert/Scenes/Desert/ReflectionProbe-0.exr
  artifactKey: Guid(53c40e6de7c92ad40ad287c71cb0d74c) Importer(815301076,1909f56bfc062723c751e8b465ee728b)
Start importing Assets/Samples/Desert/Scenes/Desert/ReflectionProbe-0.exr using Guid(53c40e6de7c92ad40ad287c71cb0d74c) Importer(815301076,1909f56bfc062723c751e8b465ee728b)  -> (artifact id: '64b1b749b7c742fbe9fb15aa42172e58') in 0.018209 seconds 
  Import took 0.021003 seconds .

========================================================================
Received Import Request.
  Time since last request: 0.000215 seconds.
  path: Assets/Samples/Desert/Scenes/Desert/ReflectionProbe-1.exr
  artifactKey: Guid(2817a454d0ac0d641a981cd7d3290a68) Importer(815301076,1909f56bfc062723c751e8b465ee728b)
Start importing Assets/Samples/Desert/Scenes/Desert/ReflectionProbe-1.exr using Guid(2817a454d0ac0d641a981cd7d3290a68) Importer(815301076,1909f56bfc062723c751e8b465ee728b)  -> (artifact id: '60214ab1111dd41a21467798c6ca7782') in 0.015889 seconds 
  Import took 0.018368 seconds .

========================================================================
Received Import Request.
  Time since last request: 0.000220 seconds.
  path: Assets/Samples/Desert/Scenes/Desert/ReflectionProbe-3.exr
  artifactKey: Guid(7c07e28e74ac1cd40b56cd51dd3e482d) Importer(815301076,1909f56bfc062723c751e8b465ee728b)
Start importing Assets/Samples/Desert/Scenes/Desert/ReflectionProbe-3.exr using Guid(7c07e28e74ac1cd40b56cd51dd3e482d) Importer(815301076,1909f56bfc062723c751e8b465ee728b)  -> (artifact id: '090da46d9b82e64cea3e1e1c2dc11315') in 0.013283 seconds 
  Import took 0.015783 seconds .

========================================================================
Received Import Request.
  Time since last request: 0.000204 seconds.
  path: Assets/Samples/Desert/Scenes/Desert/ReflectionProbe-2.exr
  artifactKey: Guid(a46feeb11e4d5f44f91aed5ab08bae0e) Importer(815301076,1909f56bfc062723c751e8b465ee728b)
Start importing Assets/Samples/Desert/Scenes/Desert/ReflectionProbe-2.exr using Guid(a46feeb11e4d5f44f91aed5ab08bae0e) Importer(815301076,1909f56bfc062723c751e8b465ee728b)  -> (artifact id: '05a8896d9e29c976445407122ae29a33') in 0.010923 seconds 
  Import took 0.013511 seconds .

========================================================================
Received Import Request.
  Time since last request: 0.007528 seconds.
  path: Assets/Samples/Desert/Scenes/Desert/ReflectionProbe-4.exr
  artifactKey: Guid(eb13938473938e74199d89bb8ace40d1) Importer(815301076,1909f56bfc062723c751e8b465ee728b)
Start importing Assets/Samples/Desert/Scenes/Desert/ReflectionProbe-4.exr using Guid(eb13938473938e74199d89bb8ace40d1) Importer(815301076,1909f56bfc062723c751e8b465ee728b)  -> (artifact id: 'b26584f18922c07b2311cbf259648002') in 0.010249 seconds 
  Import took 0.012976 seconds .

========================================================================
Received Import Request.
  Time since last request: 0.000215 seconds.
  path: Assets/Samples/Desert/Scenes/Desert/ReflectionProbe-5.exr
  artifactKey: Guid(7ab67428ae8f4e047ae7e5617f8d1774) Importer(815301076,1909f56bfc062723c751e8b465ee728b)
Start importing Assets/Samples/Desert/Scenes/Desert/ReflectionProbe-5.exr using Guid(7ab67428ae8f4e047ae7e5617f8d1774) Importer(815301076,1909f56bfc062723c751e8b465ee728b)  -> (artifact id: '65dc84dbc8d271ba9f6b190274110215') in 0.018114 seconds 
  Import took 0.021001 seconds .

========================================================================
Received Import Request.
  Time since last request: 0.560330 seconds.
  path: Assets/Samples/Desert/Scenes/Desert/ReflectionProbe-6.exr
  artifactKey: Guid(cfe18b542a3211b4e86ac0adc58d83aa) Importer(815301076,1909f56bfc062723c751e8b465ee728b)
Start importing Assets/Samples/Desert/Scenes/Desert/ReflectionProbe-6.exr using Guid(cfe18b542a3211b4e86ac0adc58d83aa) Importer(815301076,1909f56bfc062723c751e8b465ee728b)  -> (artifact id: 'f6061f450067406dfb0e9981ef82e7b8') in 0.010934 seconds 
  Import took 0.013687 seconds .

========================================================================
Received Import Request.
  Time since last request: 0.000225 seconds.
  path: Assets/Samples/Desert/Models/cactus/Saguaro_BaseColor.png
  artifactKey: Guid(93e277e84b7d44e2c9ec59393b69cfd1) Importer(815301076,1909f56bfc062723c751e8b465ee728b)
Start importing Assets/Samples/Desert/Models/cactus/Saguaro_BaseColor.png using Guid(93e277e84b7d44e2c9ec59393b69cfd1) Importer(815301076,1909f56bfc062723c751e8b465ee728b)  -> (artifact id: 'ff0eb1edf6ce32e135728ad0647832a2') in 0.009090 seconds 
  Import took 0.011471 seconds .

========================================================================
Received Import Request.
  Time since last request: 0.037762 seconds.
  path: Assets/VehicleAssets/CyberTruck/tex1.png
  artifactKey: Guid(f4d67ed8bf8ed734dba72b8d75c92234) Importer(815301076,1909f56bfc062723c751e8b465ee728b)
Start importing Assets/VehicleAssets/CyberTruck/tex1.png using Guid(f4d67ed8bf8ed734dba72b8d75c92234) Importer(815301076,1909f56bfc062723c751e8b465ee728b)  -> (artifact id: '62fb64f8dfe3d2e117454e5b79658269') in 0.010542 seconds 
  Import took 0.013381 seconds .

========================================================================
Received Import Request.
  Time since last request: 0.000220 seconds.
  path: Assets/Joystick Pack/Sprites/Vertical Backgrounds/Vertical_Outline_Arrows.png
  artifactKey: Guid(c615706690ca87043ad593475e6db7ec) Importer(815301076,1909f56bfc062723c751e8b465ee728b)
Start importing Assets/Joystick Pack/Sprites/Vertical Backgrounds/Vertical_Outline_Arrows.png using Guid(c615706690ca87043ad593475e6db7ec) Importer(815301076,1909f56bfc062723c751e8b465ee728b)  -> (artifact id: '81f0a871490c1dcf5e338582a6f00ccf') in 0.015839 seconds 
  Import took 0.018480 seconds .

========================================================================
Received Import Request.
  Time since last request: 0.000208 seconds.
  path: Assets/Joystick Pack/Sprites/Vertical Backgrounds/Vertical_Outline.png
  artifactKey: Guid(f054197ef28924b4986cbd91de2ab054) Importer(815301076,1909f56bfc062723c751e8b465ee728b)
Start importing Assets/Joystick Pack/Sprites/Vertical Backgrounds/Vertical_Outline.png using Guid(f054197ef28924b4986cbd91de2ab054) Importer(815301076,1909f56bfc062723c751e8b465ee728b)  -> (artifact id: '4306573d4cf130ac38cf9a96a9551b65') in 0.012262 seconds 
  Import took 0.014982 seconds .

========================================================================
Received Import Request.
  Time since last request: 0.000252 seconds.
  path: Assets/VehicleAssets/CyberTruck/texMain.png
  artifactKey: Guid(22a933f4cb2deb8478484a10eb9f2cfe) Importer(815301076,1909f56bfc062723c751e8b465ee728b)
Start importing Assets/VehicleAssets/CyberTruck/texMain.png using Guid(22a933f4cb2deb8478484a10eb9f2cfe) Importer(815301076,1909f56bfc062723c751e8b465ee728b)  -> (artifact id: 'b68dc34941ea763f1064974bb0780130') in 0.010719 seconds 
  Import took 0.013715 seconds .

========================================================================
Received Prepare
Registering precompiled user dll's ...
Registered in 0.004394 seconds.
Begin MonoManager ReloadAssembly
Native extension for WindowsStandalone target not found
Native extension for WebGL target not found
Refreshing native plugins compatible for Editor in 0.44 ms, found 2 plugins.
Preloading 0 native plugins for Editor in 0.00 ms.
Mono: successfully reloaded assembly
- Completed reload, in  0.745 seconds
Domain Reload Profiling:
	ReloadAssembly (746ms)
		BeginReloadAssembly (93ms)
			ExecutionOrderSort (0ms)
			DisableScriptedObjects (3ms)
			BackupInstance (0ms)
			ReleaseScriptingObjects (0ms)
			CreateAndSetChildDomain (27ms)
		EndReloadAssembly (602ms)
			LoadAssemblies (75ms)
			RebuildTransferFunctionScriptingTraits (0ms)
			SetupTypeCache (199ms)
			ReleaseScriptCaches (1ms)
			RebuildScriptCaches (27ms)
			SetupLoadedEditorAssemblies (237ms)
				LogAssemblyErrors (0ms)
				InitializePlatformSupportModulesInManaged (5ms)
				SetLoadedEditorAssemblies (0ms)
				RefreshPlugins (0ms)
				BeforeProcessingInitializeOnLoad (47ms)
				ProcessInitializeOnLoadAttributes (171ms)
				ProcessInitializeOnLoadMethodAttributes (7ms)
				AfterProcessingInitializeOnLoad (6ms)
				EditorAssembliesLoaded (0ms)
			ExecutionOrderSort2 (0ms)
			AwakeInstancesAfterBackupRestoration (4ms)
Platform modules already initialized, skipping
Refreshing native plugins compatible for Editor in 0.38 ms, found 2 plugins.
Preloading 0 native plugins for Editor in 0.00 ms.
Unloading 1587 Unused Serialized files (Serialized files now loaded: 0)
System memory in use before: 75.5 MB.
System memory in use after: 75.7 MB.

Unloading 15 unused Assets to reduce memory usage. Loaded Objects now: 2089.
Total: 2.813500 ms (FindLiveObjects: 0.188900 ms CreateObjectMapping: 0.081200 ms MarkObjects: 2.526600 ms  DeleteObjects: 0.015900 ms)

AssetImportParameters requested are different than current active one (requested -> active):
  custom:framework-win-MediaFoundation: 216162199b28c13a410421893ffa2e32 -> 
  custom:video-decoder-ogg-theora: a1e56fd34408186e4bbccfd4996cb3dc -> 
  custom:container-muxer-webm: aa71ff27fc2769a1b78a27578f13a17b -> 
  custom:container-demuxer-webm: 4f35f7cbe854078d1ac9338744f61a02 -> 
  custom:container-demuxer-ogg: 62fdf1f143b41e24485cea50d1cbac27 -> 
  custom:video-encoder-webm-vp8: eb34c28f22e8b96e1ab97ce403110664 -> 
  custom:video-codec-MediaFoundation-h265: 746d11721c4dcdbdad8f713fa42b33f4 -> 
  custom:video-decoder-webm-vp8: 9c59270c3fd7afecdb556c50c9e8de78 -> 
  custom:audio-decoder-ogg-vorbis: bf7c407c2cedff20999df2af8eb42d56 -> 
  custom:audio-encoder-webm-vorbis: bf7c407c2cedff20999df2af8eb42d56 -> 
========================================================================
Received Prepare
Refreshing native plugins compatible for Editor in 4.11 ms, found 2 plugins.
Preloading 0 native plugins for Editor in 0.00 ms.
Unloading 12 Unused Serialized files (Serialized files now loaded: 0)
System memory in use before: 43.9 MB.
System memory in use after: 44.0 MB.

Unloading 12 unused Assets to reduce memory usage. Loaded Objects now: 2089.
Total: 2.999700 ms (FindLiveObjects: 0.220300 ms CreateObjectMapping: 0.038000 ms MarkObjects: 2.722400 ms  DeleteObjects: 0.018000 ms)

AssetImportParameters requested are different than current active one (requested -> active):
  custom:framework-win-MediaFoundation: 216162199b28c13a410421893ffa2e32 -> 
  custom:video-decoder-ogg-theora: a1e56fd34408186e4bbccfd4996cb3dc -> 
  custom:container-muxer-webm: aa71ff27fc2769a1b78a27578f13a17b -> 
  custom:container-demuxer-webm: 4f35f7cbe854078d1ac9338744f61a02 -> 
  custom:container-demuxer-ogg: 62fdf1f143b41e24485cea50d1cbac27 -> 
  custom:video-encoder-webm-vp8: eb34c28f22e8b96e1ab97ce403110664 -> 
  custom:video-codec-MediaFoundation-h265: 746d11721c4dcdbdad8f713fa42b33f4 -> 
  custom:video-decoder-webm-vp8: 9c59270c3fd7afecdb556c50c9e8de78 -> 
  custom:audio-decoder-ogg-vorbis: bf7c407c2cedff20999df2af8eb42d56 -> 
  custom:audio-encoder-webm-vorbis: bf7c407c2cedff20999df2af8eb42d56 -> 
========================================================================
Received Import Request.
  Time since last request: 141.910782 seconds.
  path: Assets/Scenes
  artifactKey: Guid(9430f56c1f9cb1748a1eb117dec06a4f) Importer(815301076,1909f56bfc062723c751e8b465ee728b)
Start importing Assets/Scenes using Guid(9430f56c1f9cb1748a1eb117dec06a4f) Importer(815301076,1909f56bfc062723c751e8b465ee728b)  -> (artifact id: '63caccd231a331910e58330ecdab7135') in 0.003719 seconds 
  Import took 0.006632 seconds .

========================================================================
Received Import Request.
  Time since last request: 0.654110 seconds.
  path: Assets/Scenes/CarWebAR.unity
  artifactKey: Guid(4b951cfbfeba7754bbfd50185b53a704) Importer(815301076,1909f56bfc062723c751e8b465ee728b)
Start importing Assets/Scenes/CarWebAR.unity using Guid(4b951cfbfeba7754bbfd50185b53a704) Importer(815301076,1909f56bfc062723c751e8b465ee728b)  -> (artifact id: 'fa8035bc06dc2c0db1fce7acc67e801a') in 0.011866 seconds 
  Import took 0.014964 seconds .

========================================================================
Received Prepare
Registering precompiled user dll's ...
Registered in 0.004318 seconds.
Begin MonoManager ReloadAssembly
Native extension for WindowsStandalone target not found
Native extension for WebGL target not found
Refreshing native plugins compatible for Editor in 0.40 ms, found 2 plugins.
Preloading 0 native plugins for Editor in 0.00 ms.
Mono: successfully reloaded assembly
- Completed reload, in  0.852 seconds
Domain Reload Profiling:
	ReloadAssembly (852ms)
		BeginReloadAssembly (88ms)
			ExecutionOrderSort (0ms)
			DisableScriptedObjects (3ms)
			BackupInstance (0ms)
			ReleaseScriptingObjects (0ms)
			CreateAndSetChildDomain (27ms)
		EndReloadAssembly (714ms)
			LoadAssemblies (85ms)
			RebuildTransferFunctionScriptingTraits (0ms)
			SetupTypeCache (220ms)
			ReleaseScriptCaches (1ms)
			RebuildScriptCaches (27ms)
			SetupLoadedEditorAssemblies (302ms)
				LogAssemblyErrors (0ms)
				InitializePlatformSupportModulesInManaged (5ms)
				SetLoadedEditorAssemblies (0ms)
				RefreshPlugins (0ms)
				BeforeProcessingInitializeOnLoad (108ms)
				ProcessInitializeOnLoadAttributes (176ms)
				ProcessInitializeOnLoadMethodAttributes (6ms)
				AfterProcessingInitializeOnLoad (6ms)
				EditorAssembliesLoaded (0ms)
			ExecutionOrderSort2 (0ms)
			AwakeInstancesAfterBackupRestoration (4ms)
Platform modules already initialized, skipping
Refreshing native plugins compatible for Editor in 0.39 ms, found 2 plugins.
Preloading 0 native plugins for Editor in 0.00 ms.
Unloading 1587 Unused Serialized files (Serialized files now loaded: 0)
System memory in use before: 75.6 MB.
System memory in use after: 75.7 MB.

Unloading 15 unused Assets to reduce memory usage. Loaded Objects now: 2092.
Total: 2.701500 ms (FindLiveObjects: 0.166800 ms CreateObjectMapping: 0.060800 ms MarkObjects: 2.456100 ms  DeleteObjects: 0.016600 ms)

AssetImportParameters requested are different than current active one (requested -> active):
  custom:framework-win-MediaFoundation: 216162199b28c13a410421893ffa2e32 -> 
  custom:video-decoder-ogg-theora: a1e56fd34408186e4bbccfd4996cb3dc -> 
  custom:container-muxer-webm: aa71ff27fc2769a1b78a27578f13a17b -> 
  custom:container-demuxer-webm: 4f35f7cbe854078d1ac9338744f61a02 -> 
  custom:container-demuxer-ogg: 62fdf1f143b41e24485cea50d1cbac27 -> 
  custom:video-encoder-webm-vp8: eb34c28f22e8b96e1ab97ce403110664 -> 
  custom:video-codec-MediaFoundation-h265: 746d11721c4dcdbdad8f713fa42b33f4 -> 
  custom:video-decoder-webm-vp8: 9c59270c3fd7afecdb556c50c9e8de78 -> 
  custom:audio-decoder-ogg-vorbis: bf7c407c2cedff20999df2af8eb42d56 -> 
  custom:audio-encoder-webm-vorbis: bf7c407c2cedff20999df2af8eb42d56 -> 
========================================================================
Received Prepare
Refreshing native plugins compatible for Editor in 3.31 ms, found 2 plugins.
Preloading 0 native plugins for Editor in 0.00 ms.
Unloading 12 Unused Serialized files (Serialized files now loaded: 0)
System memory in use before: 44.0 MB.
System memory in use after: 44.1 MB.

Unloading 12 unused Assets to reduce memory usage. Loaded Objects now: 2092.
Total: 2.637400 ms (FindLiveObjects: 0.171600 ms CreateObjectMapping: 0.033900 ms MarkObjects: 2.419400 ms  DeleteObjects: 0.011700 ms)

AssetImportParameters requested are different than current active one (requested -> active):
  custom:framework-win-MediaFoundation: 216162199b28c13a410421893ffa2e32 -> 
  custom:video-decoder-ogg-theora: a1e56fd34408186e4bbccfd4996cb3dc -> 
  custom:container-muxer-webm: aa71ff27fc2769a1b78a27578f13a17b -> 
  custom:container-demuxer-webm: 4f35f7cbe854078d1ac9338744f61a02 -> 
  custom:container-demuxer-ogg: 62fdf1f143b41e24485cea50d1cbac27 -> 
  custom:video-encoder-webm-vp8: eb34c28f22e8b96e1ab97ce403110664 -> 
  custom:video-codec-MediaFoundation-h265: 746d11721c4dcdbdad8f713fa42b33f4 -> 
  custom:video-decoder-webm-vp8: 9c59270c3fd7afecdb556c50c9e8de78 -> 
  custom:audio-decoder-ogg-vorbis: bf7c407c2cedff20999df2af8eb42d56 -> 
  custom:audio-encoder-webm-vorbis: bf7c407c2cedff20999df2af8eb42d56 -> 
========================================================================
Received Prepare
Switching build target platform(20) subTarget(589825) extendedPlatform(0) -> platform(20) subTarget(524289) extendedPlatform(0)
Refreshing native plugins compatible for Editor in 3.14 ms, found 2 plugins.
Preloading 0 native plugins for Editor in 0.00 ms.
Unloading 12 Unused Serialized files (Serialized files now loaded: 0)
System memory in use before: 44.0 MB.
System memory in use after: 44.1 MB.

Unloading 12 unused Assets to reduce memory usage. Loaded Objects now: 2092.
Total: 2.745400 ms (FindLiveObjects: 0.151900 ms CreateObjectMapping: 0.044200 ms MarkObjects: 2.538800 ms  DeleteObjects: 0.009900 ms)

AssetImportParameters requested are different than current active one (requested -> active):
  buildTarget: platform 20, subtarget 524289, extendedPlatform 0 -> platform 20, subtarget 589825, extendedPlatform 0
  graphicsApiMask: 2048 -> 2304
  custom:framework-win-MediaFoundation: 216162199b28c13a410421893ffa2e32 -> 
  custom:video-decoder-ogg-theora: a1e56fd34408186e4bbccfd4996cb3dc -> 
  custom:container-muxer-webm: aa71ff27fc2769a1b78a27578f13a17b -> 
  custom:container-demuxer-webm: 4f35f7cbe854078d1ac9338744f61a02 -> 
  custom:container-demuxer-ogg: 62fdf1f143b41e24485cea50d1cbac27 -> 
  custom:video-encoder-webm-vp8: eb34c28f22e8b96e1ab97ce403110664 -> 
  custom:video-codec-MediaFoundation-h265: 746d11721c4dcdbdad8f713fa42b33f4 -> 
  custom:video-decoder-webm-vp8: 9c59270c3fd7afecdb556c50c9e8de78 -> 
  custom:audio-decoder-ogg-vorbis: bf7c407c2cedff20999df2af8eb42d56 -> 
  custom:audio-encoder-webm-vorbis: bf7c407c2cedff20999df2af8eb42d56 -> 
========================================================================
Received Prepare
Refreshing native plugins compatible for Editor in 3.03 ms, found 2 plugins.
Preloading 0 native plugins for Editor in 0.00 ms.
Unloading 12 Unused Serialized files (Serialized files now loaded: 0)
System memory in use before: 44.0 MB.
System memory in use after: 44.1 MB.

Unloading 12 unused Assets to reduce memory usage. Loaded Objects now: 2092.
Total: 2.358500 ms (FindLiveObjects: 0.141400 ms CreateObjectMapping: 0.030700 ms MarkObjects: 2.174900 ms  DeleteObjects: 0.010700 ms)

AssetImportParameters requested are different than current active one (requested -> active):
  custom:framework-win-MediaFoundation: 216162199b28c13a410421893ffa2e32 -> 
  custom:video-decoder-ogg-theora: a1e56fd34408186e4bbccfd4996cb3dc -> 
  custom:container-muxer-webm: aa71ff27fc2769a1b78a27578f13a17b -> 
  custom:container-demuxer-webm: 4f35f7cbe854078d1ac9338744f61a02 -> 
  custom:container-demuxer-ogg: 62fdf1f143b41e24485cea50d1cbac27 -> 
  custom:video-encoder-webm-vp8: eb34c28f22e8b96e1ab97ce403110664 -> 
  custom:video-codec-MediaFoundation-h265: 746d11721c4dcdbdad8f713fa42b33f4 -> 
  custom:video-decoder-webm-vp8: 9c59270c3fd7afecdb556c50c9e8de78 -> 
  custom:audio-decoder-ogg-vorbis: bf7c407c2cedff20999df2af8eb42d56 -> 
  custom:audio-encoder-webm-vorbis: bf7c407c2cedff20999df2af8eb42d56 -> 
========================================================================
Received Prepare
Switching build target platform(20) subTarget(589825) extendedPlatform(0) -> platform(20) subTarget(524289) extendedPlatform(0)
Refreshing native plugins compatible for Editor in 3.06 ms, found 2 plugins.
Preloading 0 native plugins for Editor in 0.00 ms.
Unloading 12 Unused Serialized files (Serialized files now loaded: 0)
System memory in use before: 44.0 MB.
System memory in use after: 44.1 MB.

Unloading 12 unused Assets to reduce memory usage. Loaded Objects now: 2092.
Total: 2.247200 ms (FindLiveObjects: 0.149500 ms CreateObjectMapping: 0.032400 ms MarkObjects: 2.055700 ms  DeleteObjects: 0.009100 ms)

AssetImportParameters requested are different than current active one (requested -> active):
  buildTarget: platform 20, subtarget 524289, extendedPlatform 0 -> platform 20, subtarget 589825, extendedPlatform 0
  graphicsApiMask: 2048 -> 2304
  custom:framework-win-MediaFoundation: 216162199b28c13a410421893ffa2e32 -> 
  custom:video-decoder-ogg-theora: a1e56fd34408186e4bbccfd4996cb3dc -> 
  custom:container-muxer-webm: aa71ff27fc2769a1b78a27578f13a17b -> 
  custom:container-demuxer-webm: 4f35f7cbe854078d1ac9338744f61a02 -> 
  custom:container-demuxer-ogg: 62fdf1f143b41e24485cea50d1cbac27 -> 
  custom:video-encoder-webm-vp8: eb34c28f22e8b96e1ab97ce403110664 -> 
  custom:video-codec-MediaFoundation-h265: 746d11721c4dcdbdad8f713fa42b33f4 -> 
  custom:video-decoder-webm-vp8: 9c59270c3fd7afecdb556c50c9e8de78 -> 
  custom:audio-decoder-ogg-vorbis: bf7c407c2cedff20999df2af8eb42d56 -> 
  custom:audio-encoder-webm-vorbis: bf7c407c2cedff20999df2af8eb42d56 -> 
========================================================================
Received Prepare
Refreshing native plugins compatible for Editor in 4.12 ms, found 2 plugins.
Preloading 0 native plugins for Editor in 0.00 ms.
Unloading 12 Unused Serialized files (Serialized files now loaded: 0)
System memory in use before: 44.0 MB.
System memory in use after: 44.1 MB.

Unloading 12 unused Assets to reduce memory usage. Loaded Objects now: 2092.
Total: 2.998200 ms (FindLiveObjects: 0.167400 ms CreateObjectMapping: 0.043100 ms MarkObjects: 2.771300 ms  DeleteObjects: 0.015500 ms)

AssetImportParameters requested are different than current active one (requested -> active):
  custom:framework-win-MediaFoundation: 216162199b28c13a410421893ffa2e32 -> 
  custom:video-decoder-ogg-theora: a1e56fd34408186e4bbccfd4996cb3dc -> 
  custom:container-muxer-webm: aa71ff27fc2769a1b78a27578f13a17b -> 
  custom:container-demuxer-webm: 4f35f7cbe854078d1ac9338744f61a02 -> 
  custom:container-demuxer-ogg: 62fdf1f143b41e24485cea50d1cbac27 -> 
  custom:video-encoder-webm-vp8: eb34c28f22e8b96e1ab97ce403110664 -> 
  custom:video-codec-MediaFoundation-h265: 746d11721c4dcdbdad8f713fa42b33f4 -> 
  custom:video-decoder-webm-vp8: 9c59270c3fd7afecdb556c50c9e8de78 -> 
  custom:audio-decoder-ogg-vorbis: bf7c407c2cedff20999df2af8eb42d56 -> 
  custom:audio-encoder-webm-vorbis: bf7c407c2cedff20999df2af8eb42d56 -> 
========================================================================
Received Prepare
Switching build target platform(20) subTarget(589825) extendedPlatform(0) -> platform(20) subTarget(524289) extendedPlatform(0)
Refreshing native plugins compatible for Editor in 3.19 ms, found 2 plugins.
Preloading 0 native plugins for Editor in 0.00 ms.
Unloading 12 Unused Serialized files (Serialized files now loaded: 0)
System memory in use before: 44.0 MB.
System memory in use after: 44.1 MB.

Unloading 12 unused Assets to reduce memory usage. Loaded Objects now: 2092.
Total: 2.266200 ms (FindLiveObjects: 0.171800 ms CreateObjectMapping: 0.033600 ms MarkObjects: 2.049800 ms  DeleteObjects: 0.010300 ms)

AssetImportParameters requested are different than current active one (requested -> active):
  buildTarget: platform 20, subtarget 524289, extendedPlatform 0 -> platform 20, subtarget 589825, extendedPlatform 0
  graphicsApiMask: 2048 -> 2304
  custom:framework-win-MediaFoundation: 216162199b28c13a410421893ffa2e32 -> 
  custom:video-decoder-ogg-theora: a1e56fd34408186e4bbccfd4996cb3dc -> 
  custom:container-muxer-webm: aa71ff27fc2769a1b78a27578f13a17b -> 
  custom:container-demuxer-webm: 4f35f7cbe854078d1ac9338744f61a02 -> 
  custom:container-demuxer-ogg: 62fdf1f143b41e24485cea50d1cbac27 -> 
  custom:video-encoder-webm-vp8: eb34c28f22e8b96e1ab97ce403110664 -> 
  custom:video-codec-MediaFoundation-h265: 746d11721c4dcdbdad8f713fa42b33f4 -> 
  custom:video-decoder-webm-vp8: 9c59270c3fd7afecdb556c50c9e8de78 -> 
  custom:audio-decoder-ogg-vorbis: bf7c407c2cedff20999df2af8eb42d56 -> 
  custom:audio-encoder-webm-vorbis: bf7c407c2cedff20999df2af8eb42d56 -> 
========================================================================
Received Prepare
Refreshing native plugins compatible for Editor in 3.11 ms, found 2 plugins.
Preloading 0 native plugins for Editor in 0.00 ms.
Unloading 12 Unused Serialized files (Serialized files now loaded: 0)
System memory in use before: 44.0 MB.
System memory in use after: 44.1 MB.

Unloading 12 unused Assets to reduce memory usage. Loaded Objects now: 2092.
Total: 2.308100 ms (FindLiveObjects: 0.149700 ms CreateObjectMapping: 0.031000 ms MarkObjects: 2.117600 ms  DeleteObjects: 0.009300 ms)

AssetImportParameters requested are different than current active one (requested -> active):
  custom:framework-win-MediaFoundation: 216162199b28c13a410421893ffa2e32 -> 
  custom:video-decoder-ogg-theora: a1e56fd34408186e4bbccfd4996cb3dc -> 
  custom:container-muxer-webm: aa71ff27fc2769a1b78a27578f13a17b -> 
  custom:container-demuxer-webm: 4f35f7cbe854078d1ac9338744f61a02 -> 
  custom:container-demuxer-ogg: 62fdf1f143b41e24485cea50d1cbac27 -> 
  custom:video-encoder-webm-vp8: eb34c28f22e8b96e1ab97ce403110664 -> 
  custom:video-codec-MediaFoundation-h265: 746d11721c4dcdbdad8f713fa42b33f4 -> 
  custom:video-decoder-webm-vp8: 9c59270c3fd7afecdb556c50c9e8de78 -> 
  custom:audio-decoder-ogg-vorbis: bf7c407c2cedff20999df2af8eb42d56 -> 
  custom:audio-encoder-webm-vorbis: bf7c407c2cedff20999df2af8eb42d56 -> 
========================================================================
Received Prepare
Refreshing native plugins compatible for Editor in 4.63 ms, found 2 plugins.
Preloading 0 native plugins for Editor in 0.00 ms.
Unloading 12 Unused Serialized files (Serialized files now loaded: 0)
System memory in use before: 44.0 MB.
System memory in use after: 44.1 MB.

Unloading 12 unused Assets to reduce memory usage. Loaded Objects now: 2092.
Total: 2.801400 ms (FindLiveObjects: 0.176800 ms CreateObjectMapping: 0.038400 ms MarkObjects: 2.574600 ms  DeleteObjects: 0.010900 ms)

AssetImportParameters requested are different than current active one (requested -> active):
  custom:framework-win-MediaFoundation: 216162199b28c13a410421893ffa2e32 -> 
  custom:video-decoder-ogg-theora: a1e56fd34408186e4bbccfd4996cb3dc -> 
  custom:container-muxer-webm: aa71ff27fc2769a1b78a27578f13a17b -> 
  custom:container-demuxer-webm: 4f35f7cbe854078d1ac9338744f61a02 -> 
  custom:container-demuxer-ogg: 62fdf1f143b41e24485cea50d1cbac27 -> 
  custom:video-encoder-webm-vp8: eb34c28f22e8b96e1ab97ce403110664 -> 
  custom:video-codec-MediaFoundation-h265: 746d11721c4dcdbdad8f713fa42b33f4 -> 
  custom:video-decoder-webm-vp8: 9c59270c3fd7afecdb556c50c9e8de78 -> 
  custom:audio-decoder-ogg-vorbis: bf7c407c2cedff20999df2af8eb42d56 -> 
  custom:audio-encoder-webm-vorbis: bf7c407c2cedff20999df2af8eb42d56 -> 
========================================================================
Received Prepare
Refreshing native plugins compatible for Editor in 3.03 ms, found 2 plugins.
Preloading 0 native plugins for Editor in 0.00 ms.
Unloading 12 Unused Serialized files (Serialized files now loaded: 0)
System memory in use before: 44.0 MB.
System memory in use after: 44.1 MB.

Unloading 12 unused Assets to reduce memory usage. Loaded Objects now: 2092.
Total: 2.273600 ms (FindLiveObjects: 0.152000 ms CreateObjectMapping: 0.032400 ms MarkObjects: 2.078700 ms  DeleteObjects: 0.009900 ms)

AssetImportParameters requested are different than current active one (requested -> active):
  custom:framework-win-MediaFoundation: 216162199b28c13a410421893ffa2e32 -> 
  custom:video-decoder-ogg-theora: a1e56fd34408186e4bbccfd4996cb3dc -> 
  custom:container-muxer-webm: aa71ff27fc2769a1b78a27578f13a17b -> 
  custom:container-demuxer-webm: 4f35f7cbe854078d1ac9338744f61a02 -> 
  custom:container-demuxer-ogg: 62fdf1f143b41e24485cea50d1cbac27 -> 
  custom:video-encoder-webm-vp8: eb34c28f22e8b96e1ab97ce403110664 -> 
  custom:video-codec-MediaFoundation-h265: 746d11721c4dcdbdad8f713fa42b33f4 -> 
  custom:video-decoder-webm-vp8: 9c59270c3fd7afecdb556c50c9e8de78 -> 
  custom:audio-decoder-ogg-vorbis: bf7c407c2cedff20999df2af8eb42d56 -> 
  custom:audio-encoder-webm-vorbis: bf7c407c2cedff20999df2af8eb42d56 -> 
========================================================================
Received Prepare
Registering precompiled user dll's ...
Registered in 0.004029 seconds.
Begin MonoManager ReloadAssembly
Native extension for WindowsStandalone target not found
Native extension for WebGL target not found
Refreshing native plugins compatible for Editor in 0.38 ms, found 2 plugins.
Preloading 0 native plugins for Editor in 0.00 ms.
Mono: successfully reloaded assembly
- Completed reload, in  0.718 seconds
Domain Reload Profiling:
	ReloadAssembly (718ms)
		BeginReloadAssembly (99ms)
			ExecutionOrderSort (0ms)
			DisableScriptedObjects (3ms)
			BackupInstance (0ms)
			ReleaseScriptingObjects (0ms)
			CreateAndSetChildDomain (30ms)
		EndReloadAssembly (569ms)
			LoadAssemblies (73ms)
			RebuildTransferFunctionScriptingTraits (0ms)
			SetupTypeCache (178ms)
			ReleaseScriptCaches (1ms)
			RebuildScriptCaches (26ms)
			SetupLoadedEditorAssemblies (223ms)
				LogAssemblyErrors (0ms)
				InitializePlatformSupportModulesInManaged (5ms)
				SetLoadedEditorAssemblies (0ms)
				RefreshPlugins (0ms)
				BeforeProcessingInitializeOnLoad (45ms)
				ProcessInitializeOnLoadAttributes (160ms)
				ProcessInitializeOnLoadMethodAttributes (6ms)
				AfterProcessingInitializeOnLoad (6ms)
				EditorAssembliesLoaded (0ms)
			ExecutionOrderSort2 (0ms)
			AwakeInstancesAfterBackupRestoration (4ms)
Platform modules already initialized, skipping
Refreshing native plugins compatible for Editor in 0.38 ms, found 2 plugins.
Preloading 0 native plugins for Editor in 0.00 ms.
Unloading 1587 Unused Serialized files (Serialized files now loaded: 0)
System memory in use before: 75.6 MB.
System memory in use after: 75.7 MB.

Unloading 15 unused Assets to reduce memory usage. Loaded Objects now: 2095.
Total: 2.690300 ms (FindLiveObjects: 0.144500 ms CreateObjectMapping: 0.048100 ms MarkObjects: 2.482000 ms  DeleteObjects: 0.014600 ms)

AssetImportParameters requested are different than current active one (requested -> active):
  custom:framework-win-MediaFoundation: 216162199b28c13a410421893ffa2e32 -> 
  custom:video-decoder-ogg-theora: a1e56fd34408186e4bbccfd4996cb3dc -> 
  custom:container-muxer-webm: aa71ff27fc2769a1b78a27578f13a17b -> 
  custom:container-demuxer-webm: 4f35f7cbe854078d1ac9338744f61a02 -> 
  custom:container-demuxer-ogg: 62fdf1f143b41e24485cea50d1cbac27 -> 
  custom:video-encoder-webm-vp8: eb34c28f22e8b96e1ab97ce403110664 -> 
  custom:video-codec-MediaFoundation-h265: 746d11721c4dcdbdad8f713fa42b33f4 -> 
  custom:video-decoder-webm-vp8: 9c59270c3fd7afecdb556c50c9e8de78 -> 
  custom:audio-decoder-ogg-vorbis: bf7c407c2cedff20999df2af8eb42d56 -> 
  custom:audio-encoder-webm-vorbis: bf7c407c2cedff20999df2af8eb42d56 -> 
========================================================================
Received Prepare
Refreshing native plugins compatible for Editor in 3.30 ms, found 2 plugins.
Preloading 0 native plugins for Editor in 0.00 ms.
Unloading 12 Unused Serialized files (Serialized files now loaded: 0)
System memory in use before: 44.0 MB.
System memory in use after: 44.1 MB.

Unloading 12 unused Assets to reduce memory usage. Loaded Objects now: 2095.
Total: 2.931600 ms (FindLiveObjects: 0.159500 ms CreateObjectMapping: 0.030900 ms MarkObjects: 2.724300 ms  DeleteObjects: 0.016000 ms)

AssetImportParameters requested are different than current active one (requested -> active):
  custom:framework-win-MediaFoundation: 216162199b28c13a410421893ffa2e32 -> 
  custom:video-decoder-ogg-theora: a1e56fd34408186e4bbccfd4996cb3dc -> 
  custom:container-muxer-webm: aa71ff27fc2769a1b78a27578f13a17b -> 
  custom:container-demuxer-webm: 4f35f7cbe854078d1ac9338744f61a02 -> 
  custom:container-demuxer-ogg: 62fdf1f143b41e24485cea50d1cbac27 -> 
  custom:video-encoder-webm-vp8: eb34c28f22e8b96e1ab97ce403110664 -> 
  custom:video-codec-MediaFoundation-h265: 746d11721c4dcdbdad8f713fa42b33f4 -> 
  custom:video-decoder-webm-vp8: 9c59270c3fd7afecdb556c50c9e8de78 -> 
  custom:audio-decoder-ogg-vorbis: bf7c407c2cedff20999df2af8eb42d56 -> 
  custom:audio-encoder-webm-vorbis: bf7c407c2cedff20999df2af8eb42d56 -> 
========================================================================
Received Prepare
Refreshing native plugins compatible for Editor in 3.34 ms, found 2 plugins.
Preloading 0 native plugins for Editor in 0.00 ms.
Unloading 12 Unused Serialized files (Serialized files now loaded: 0)
System memory in use before: 44.0 MB.
System memory in use after: 44.1 MB.

Unloading 12 unused Assets to reduce memory usage. Loaded Objects now: 2095.
Total: 2.581700 ms (FindLiveObjects: 0.154000 ms CreateObjectMapping: 0.030500 ms MarkObjects: 2.385100 ms  DeleteObjects: 0.011600 ms)

AssetImportParameters requested are different than current active one (requested -> active):
  custom:framework-win-MediaFoundation: 216162199b28c13a410421893ffa2e32 -> 
  custom:video-decoder-ogg-theora: a1e56fd34408186e4bbccfd4996cb3dc -> 
  custom:container-muxer-webm: aa71ff27fc2769a1b78a27578f13a17b -> 
  custom:container-demuxer-webm: 4f35f7cbe854078d1ac9338744f61a02 -> 
  custom:container-demuxer-ogg: 62fdf1f143b41e24485cea50d1cbac27 -> 
  custom:video-encoder-webm-vp8: eb34c28f22e8b96e1ab97ce403110664 -> 
  custom:video-codec-MediaFoundation-h265: 746d11721c4dcdbdad8f713fa42b33f4 -> 
  custom:video-decoder-webm-vp8: 9c59270c3fd7afecdb556c50c9e8de78 -> 
  custom:audio-decoder-ogg-vorbis: bf7c407c2cedff20999df2af8eb42d56 -> 
  custom:audio-encoder-webm-vorbis: bf7c407c2cedff20999df2af8eb42d56 -> 
AssetImportWorkerClient::OnTransportError - code=2 error=End of file
